<?xml version="1.0" encoding="utf-8" standalone="no"?>
<test-run id="2" testcasecount="2" result="Failed" total="2" passed="0" failed="2" inconclusive="0" skipped="0" asserts="0" engine-version="3.6.0.0" clr-version="4.0.30319.42000" start-time="2017-03-21 11:43:32Z" end-time="2017-03-21 11:43:53Z" duration="20.748344">
  <command-line><![CDATA[packages\NUnit.ConsoleRunner.3.6.0\tools\nunit3-console  SeleniumSpecFlowTests\bin\Debug\SeleniumSpecFlowTests.dll]]></command-line>
  <test-suite type="Assembly" id="0-1003" name="SeleniumSpecFlowTests.dll" fullname="C:\TestAutomation\ROSS\SeleniumSpecFlowTests\bin\Debug\SeleniumSpecFlowTests.dll" runstate="Runnable" testcasecount="2" result="Failed" site="Child" start-time="2017-03-21 11:43:32Z" end-time="2017-03-21 11:43:52Z" duration="20.164051" total="2" passed="0" failed="2" inconclusive="0" skipped="0" asserts="0">
    <environment framework-version="3.0.5797.27534" clr-version="4.0.30319.42000" os-version="Microsoft Windows NT 10.0.10586.0" platform="Win32NT" cwd="C:\TestAutomation\ROSS" machine-name="WSL-1060" user="LunguC" user-domain="RES" culture="en-US" uiculture="en-US" os-architecture="x64" />
    <settings>
      <setting name="DisposeRunners" value="True" />
      <setting name="WorkDirectory" value="C:\TestAutomation\ROSS" />
      <setting name="ImageRuntimeVersion" value="4.0.30319" />
      <setting name="ImageTargetFrameworkName" value=".NETFramework,Version=v4.5.2" />
      <setting name="ImageRequiresX86" value="False" />
      <setting name="ImageRequiresDefaultAppDomainAssemblyResolver" value="False" />
      <setting name="NumberOfTestWorkers" value="8" />
    </settings>
    <properties>
      <property name="_PID" value="21464" />
      <property name="_APPDOMAIN" value="domain-" />
    </properties>
    <failure>
      <message><![CDATA[One or more child tests had errors]]></message>
    </failure>
    <test-suite type="TestSuite" id="0-1004" name="SeleniumSpecFlowTests" fullname="SeleniumSpecFlowTests" runstate="Runnable" testcasecount="2" result="Failed" site="Child" start-time="2017-03-21 11:43:32Z" end-time="2017-03-21 11:43:52Z" duration="20.157046" total="2" passed="0" failed="2" inconclusive="0" skipped="0" asserts="0">
      <failure>
        <message><![CDATA[One or more child tests had errors]]></message>
      </failure>
      <test-suite type="TestSuite" id="0-1005" name="Tests" fullname="SeleniumSpecFlowTests.Tests" runstate="Runnable" testcasecount="2" result="Failed" site="Child" start-time="2017-03-21 11:43:32Z" end-time="2017-03-21 11:43:52Z" duration="20.156940" total="2" passed="0" failed="2" inconclusive="0" skipped="0" asserts="0">
        <failure>
          <message><![CDATA[One or more child tests had errors]]></message>
        </failure>
        <test-suite type="TestSuite" id="0-1006" name="Features" fullname="SeleniumSpecFlowTests.Tests.Features" runstate="Runnable" testcasecount="2" result="Failed" site="Child" start-time="2017-03-21 11:43:32Z" end-time="2017-03-21 11:43:52Z" duration="20.156910" total="2" passed="0" failed="2" inconclusive="0" skipped="0" asserts="0">
          <failure>
            <message><![CDATA[One or more child tests had errors]]></message>
          </failure>
          <test-suite type="TestFixture" id="0-1000" name="ServiceTestsFeature" fullname="SeleniumSpecFlowTests.Tests.Features.ServiceTestsFeature" classname="SeleniumSpecFlowTests.Tests.Features.ServiceTestsFeature" runstate="Runnable" testcasecount="2" result="Failed" site="Child" start-time="2017-03-21 11:43:32Z" end-time="2017-03-21 11:43:52Z" duration="20.154953" total="2" passed="0" failed="2" inconclusive="0" skipped="0" asserts="0">
            <properties>
              <property name="Description" value="ServiceTests" />
            </properties>
            <failure>
              <message><![CDATA[One or more child tests had errors]]></message>
            </failure>
            <output><![CDATA[TEST
TEST - 2
TEST - 3
]]></output>
            <test-case id="0-1001" name="AddAService" fullname="SeleniumSpecFlowTests.Tests.Features.ServiceTestsFeature.AddAService" methodname="AddAService" classname="SeleniumSpecFlowTests.Tests.Features.ServiceTestsFeature" runstate="Runnable" seed="798259755" result="Failed" start-time="2017-03-21 11:43:42Z" end-time="2017-03-21 11:43:47Z" duration="5.244338" asserts="0">
              <properties>
                <property name="Description" value="Add a service" />
              </properties>
              <failure>
                <message><![CDATA[Failed to find element 'By.XPath: //a[contains(text(), 'Service Catalog')]'. Timed out after 5 seconds]]></message>
                <stack-trace><![CDATA[at SeleniumSpecFlowTests.WebDriver.FindElementWhenClickable(By by) in C:\TestAutomation\ROSS\SeleniumSpecFlowTests\WebDriver.cs:line 71
at SeleniumSpecFlowTests.Pages.Implementations.Menu.GoToServiceCatalog() in C:\TestAutomation\ROSS\SeleniumSpecFlowTests\Pages\Common\Menu.cs:line 15
at SeleniumSpecFlowTests.Tests.Steps.ServiceTestsSteps.INavigateToServiceCatalog() in C:\TestAutomation\ROSS\SeleniumSpecFlowTests\Tests\Steps\ServiceTestsSteps.cs:line 17
at TechTalk.SpecFlow.Bindings.BindingInvoker.InvokeBinding(IBinding binding, IContextManager contextManager, Object[] arguments, ITestTracer testTracer, TimeSpan& duration)
at TechTalk.SpecFlow.Infrastructure.TestExecutionEngine.ExecuteStepMatch(BindingMatch match, Object[] arguments)
at TechTalk.SpecFlow.Infrastructure.TestExecutionEngine.ExecuteStep(StepInstance stepInstance)
at TechTalk.SpecFlow.Infrastructure.TestExecutionEngine.OnAfterLastStep()
at SeleniumSpecFlowTests.Tests.Features.ServiceTestsFeature.ScenarioCleanup() in C:\TestAutomation\ROSS\SeleniumSpecFlowTests\Tests\Features\ServiceTests.feature.cs:line 0
at SeleniumSpecFlowTests.Tests.Features.ServiceTestsFeature.AddAService() in C:\TestAutomation\ROSS\SeleniumSpecFlowTests\Tests\Features\ServiceTests.feature:line 11
]]></stack-trace>
              </failure>
              <output><![CDATA[Given I navigate to Service Catalog
-> error: Failed to find element 'By.XPath: //a[contains(text(), 'Service Catalog')]'. Timed out after 5 seconds
And I click Add in the bottom bar
-> skipped because of previous errors
And I fill in 'Test Service A' in the Name field
-> skipped because of previous errors
When I click Save in the bottom bar
-> skipped because of previous errors
And I wait until the page is redirected
-> skipped because of previous errors
Then The address should contain 'Services/Detail'
-> skipped because of previous errors
And The address should contain a valid Guid
-> skipped because of previous errors
And I navigate to Home Page
-> skipped because of previous errors
]]></output>
            </test-case>
            <test-case id="0-1002" name="DeleteAService" fullname="SeleniumSpecFlowTests.Tests.Features.ServiceTestsFeature.DeleteAService" methodname="DeleteAService" classname="SeleniumSpecFlowTests.Tests.Features.ServiceTestsFeature" runstate="Runnable" seed="1630670862" result="Failed" start-time="2017-03-21 11:43:47Z" end-time="2017-03-21 11:43:52Z" duration="5.139498" asserts="0">
              <properties>
                <property name="Description" value="Delete a service" />
              </properties>
              <failure>
                <message><![CDATA[Failed to find element 'By.XPath: //a[contains(text(), 'Service Catalog')]'. Timed out after 5 seconds]]></message>
                <stack-trace><![CDATA[at SeleniumSpecFlowTests.WebDriver.FindElementWhenClickable(By by) in C:\TestAutomation\ROSS\SeleniumSpecFlowTests\WebDriver.cs:line 71
at SeleniumSpecFlowTests.Pages.Implementations.Menu.GoToServiceCatalog() in C:\TestAutomation\ROSS\SeleniumSpecFlowTests\Pages\Common\Menu.cs:line 15
at SeleniumSpecFlowTests.Tests.Steps.ServiceTestsSteps.INavigateToServiceCatalog() in C:\TestAutomation\ROSS\SeleniumSpecFlowTests\Tests\Steps\ServiceTestsSteps.cs:line 17
at TechTalk.SpecFlow.Bindings.BindingInvoker.InvokeBinding(IBinding binding, IContextManager contextManager, Object[] arguments, ITestTracer testTracer, TimeSpan& duration)
at TechTalk.SpecFlow.Infrastructure.TestExecutionEngine.ExecuteStepMatch(BindingMatch match, Object[] arguments)
at TechTalk.SpecFlow.Infrastructure.TestExecutionEngine.ExecuteStep(StepInstance stepInstance)
at TechTalk.SpecFlow.Infrastructure.TestExecutionEngine.OnAfterLastStep()
at SeleniumSpecFlowTests.Tests.Features.ServiceTestsFeature.ScenarioCleanup() in C:\TestAutomation\ROSS\SeleniumSpecFlowTests\Tests\Features\ServiceTests.feature.cs:line 0
at SeleniumSpecFlowTests.Tests.Features.ServiceTestsFeature.DeleteAService() in C:\TestAutomation\ROSS\SeleniumSpecFlowTests\Tests\Features\ServiceTests.feature:line 21
]]></stack-trace>
              </failure>
              <output><![CDATA[Given I navigate to Service Catalog
-> error: Failed to find element 'By.XPath: //a[contains(text(), 'Service Catalog')]'. Timed out after 5 seconds
And I click on the service 'Test Service A'
-> skipped because of previous errors
Then The address should contain 'Services/Detail'
-> skipped because of previous errors
And The address should contain a valid Guid
-> skipped because of previous errors
Given I click Delete in the bottom bar
-> skipped because of previous errors
And I wait until the page is redirected
-> skipped because of previous errors
Then The address should not contain 'Services/Detail'
-> skipped because of previous errors
And The address should not contain a valid Guid
-> skipped because of previous errors
]]></output>
            </test-case>
          </test-suite>
        </test-suite>
      </test-suite>
    </test-suite>
  </test-suite>
</test-run>